2025-03-07 18:57:20,251 - debug_runner - INFO - ==================================================
2025-03-07 18:57:20,251 - debug_runner - INFO - ============== Starting Debug Tests ==============
2025-03-07 18:57:20,251 - debug_runner - INFO - ==================================================
2025-03-07 18:57:20,252 - debug_runner - INFO - ==================================================
2025-03-07 18:57:20,252 - debug_runner - INFO - =========== Testing Standalone Imports ===========
2025-03-07 18:57:20,252 - debug_runner - INFO - ==================================================
2025-03-07 18:57:20,252 - debug_runner - INFO - Attempting to import tensorflow...
2025-03-07 18:57:27,531 - debug_runner - INFO - TensorFlow imported successfully (version: 2.18.0)
2025-03-07 18:57:27,531 - debug_runner - INFO - Attempting to import detoxify...
2025-03-07 18:57:31,616 - debug_runner - INFO - detoxify imported successfully
2025-03-07 18:57:31,617 - debug_runner - INFO - ==================================================
2025-03-07 18:57:31,617 - debug_runner - INFO - ======= Testing Universal Sentence Encoder =======
2025-03-07 18:57:31,617 - debug_runner - INFO - ==================================================
2025-03-07 18:57:31,618 - debug_runner - ERROR - Error testing Universal Sentence Encoder: No module named 'app'
2025-03-07 18:57:31,619 - debug_runner - ERROR - Traceback (most recent call last):
  File "C:\Users\TEdwa\Documents\GitHub\BrainstormAPITEST\app\tests\nlp\adversarial\run_debug.py", line 36, in test_universal_sentence_encoder
    from app.tests.nlp.adversarial.advanced_attacks import UniversalSentenceEncoder
ModuleNotFoundError: No module named 'app'

2025-03-07 18:57:31,619 - debug_runner - INFO - ==================================================
2025-03-07 18:57:31,620 - debug_runner - INFO - =========== Testing Toxicity Evaluator ===========
2025-03-07 18:57:31,620 - debug_runner - INFO - ==================================================
2025-03-07 18:57:31,621 - debug_runner - ERROR - Error testing Toxicity Evaluator: No module named 'app'
2025-03-07 18:57:31,622 - debug_runner - ERROR - Traceback (most recent call last):
  File "C:\Users\TEdwa\Documents\GitHub\BrainstormAPITEST\app\tests\nlp\adversarial\run_debug.py", line 65, in test_toxicity_evaluator
    from app.tests.nlp.adversarial.advanced_attacks import ToxicityEvaluator
ModuleNotFoundError: No module named 'app'

2025-03-07 18:57:31,622 - debug_runner - INFO - ==================================================
2025-03-07 18:57:31,622 - debug_runner - INFO - === Testing Adversarial Attacks Initialization ===
2025-03-07 18:57:31,622 - debug_runner - INFO - ==================================================
2025-03-07 18:57:31,624 - debug_runner - ERROR - Error testing adversarial attacks: No module named 'app'
2025-03-07 18:57:31,624 - debug_runner - ERROR - Traceback (most recent call last):
  File "C:\Users\TEdwa\Documents\GitHub\BrainstormAPITEST\app\tests\nlp\adversarial\run_debug.py", line 93, in test_attack_initialization
    from app.tests.nlp.adversarial.advanced_attacks import (
ModuleNotFoundError: No module named 'app'

2025-03-07 18:57:31,624 - debug_runner - INFO - ==================================================
2025-03-07 18:57:31,624 - debug_runner - INFO - ============== Debug Tests Complete ==============
2025-03-07 18:57:31,624 - debug_runner - INFO - ==================================================
2025-03-07 18:58:31,934 - debug_runner - INFO - ==================================================
2025-03-07 18:58:31,934 - debug_runner - INFO - ============== Starting Debug Tests ==============
2025-03-07 18:58:31,934 - debug_runner - INFO - ==================================================
2025-03-07 18:58:31,935 - debug_runner - INFO - Python version: 3.12.8 | packaged by Anaconda, Inc. | (main, Dec 11 2024, 16:48:34) [MSC v.1929 64 bit (AMD64)]
2025-03-07 18:58:31,935 - debug_runner - INFO - Python executable: C:\Users\TEdwa\anaconda3\envs\HITL\python.exe
2025-03-07 18:58:31,935 - debug_runner - INFO - Current directory: C:\Users\TEdwa\Documents\GitHub\BrainstormAPITEST
2025-03-07 18:58:31,935 - debug_runner - INFO - Script directory: C:\Users\TEdwa\Documents\GitHub\BrainstormAPITEST\app\tests\nlp\adversarial
2025-03-07 18:58:31,935 - debug_runner - INFO - Python path: ['C:\\Users\\TEdwa\\Documents\\GitHub\\BrainstormAPITEST', 'C:\\Users\\TEdwa\\Documents\\GitHub\\BrainstormAPITEST\\app\\tests\\nlp\\adversarial', 'C:\\Users\\TEdwa\\Documents\\GitHub\\BrainstormAPITEST\\app\\tests\\nlp\\adversarial', 'C:\\Users\\TEdwa\\anaconda3\\envs\\HITL\\python312.zip', 'C:\\Users\\TEdwa\\anaconda3\\envs\\HITL\\DLLs', 'C:\\Users\\TEdwa\\anaconda3\\envs\\HITL\\Lib', 'C:\\Users\\TEdwa\\anaconda3\\envs\\HITL', 'C:\\Users\\TEdwa\\anaconda3\\envs\\HITL\\Lib\\site-packages', 'C:\\Users\\TEdwa\\anaconda3\\envs\\HITL\\Lib\\site-packages\\win32', 'C:\\Users\\TEdwa\\anaconda3\\envs\\HITL\\Lib\\site-packages\\win32\\lib', 'C:\\Users\\TEdwa\\anaconda3\\envs\\HITL\\Lib\\site-packages\\Pythonwin']
2025-03-07 18:58:31,936 - debug_runner - INFO - ==================================================
2025-03-07 18:58:31,936 - debug_runner - INFO - =========== Testing Standalone Imports ===========
2025-03-07 18:58:31,936 - debug_runner - INFO - ==================================================
2025-03-07 18:58:31,936 - debug_runner - INFO - Attempting to import tensorflow...
2025-03-07 18:58:39,166 - debug_runner - INFO - TensorFlow imported successfully (version: 2.18.0)
2025-03-07 18:58:39,166 - debug_runner - INFO - Testing basic TensorFlow operations...
2025-03-07 18:58:39,204 - debug_runner - INFO - Tensor created: [1 2 3]
2025-03-07 18:58:39,204 - debug_runner - INFO - No GPU available, using CPU
2025-03-07 18:58:39,205 - debug_runner - INFO - Attempting to import detoxify...
2025-03-07 18:58:43,223 - debug_runner - INFO - detoxify imported successfully
2025-03-07 18:58:43,224 - debug_runner - INFO - Testing detoxify initialization...
2025-03-07 18:58:47,836 - debug_runner - INFO - detoxify model initialized successfully
2025-03-07 18:58:47,836 - debug_runner - INFO - Testing detoxify prediction...
2025-03-07 18:58:47,925 - debug_runner - INFO - detoxify prediction successful: {'toxicity': 0.0017265682, 'severe_toxicity': 9.44855e-05, 'obscene': 0.00020807366, 'threat': 0.00010046231, 'insult': 0.00019479606, 'identity_attack': 0.0001458317}
2025-03-07 18:58:47,928 - debug_runner - INFO - ==================================================
2025-03-07 18:58:47,929 - debug_runner - INFO - ======= Testing Universal Sentence Encoder =======
2025-03-07 18:58:47,929 - debug_runner - INFO - ==================================================
2025-03-07 18:58:48,778 - debug_runner - INFO - Creating UniversalSentenceEncoder instance...
2025-03-07 18:58:48,778 - advanced_attacks - INFO - Starting Universal Sentence Encoder initialization...
2025-03-07 18:58:48,778 - advanced_attacks - INFO - TensorFlow imported successfully (version: 2.18.0)
2025-03-07 18:58:52,976 - tensorflow - WARNING - From C:\Users\TEdwa\anaconda3\envs\HITL\Lib\site-packages\tf_keras\src\losses.py:2976: The name tf.losses.sparse_softmax_cross_entropy is deprecated. Please use tf.compat.v1.losses.sparse_softmax_cross_entropy instead.

2025-03-07 18:58:53,877 - advanced_attacks - INFO - TensorFlow Hub imported successfully
2025-03-07 18:58:53,878 - advanced_attacks - INFO - Loading Universal Sentence Encoder model from TF Hub...
2025-03-07 18:58:53,878 - absl - INFO - Using C:\Users\TEdwa\AppData\Local\Temp\tfhub_modules to cache modules.
2025-03-07 18:58:53,982 - tensorflow - WARNING - From C:\Users\TEdwa\anaconda3\envs\HITL\Lib\site-packages\tensorflow_hub\resolver.py:120: The name tf.gfile.MakeDirs is deprecated. Please use tf.io.gfile.makedirs instead.

2025-03-07 18:58:53,988 - tensorflow - WARNING - From C:\Users\TEdwa\anaconda3\envs\HITL\Lib\site-packages\tensorflow_hub\module_v2.py:126: The name tf.saved_model.load_v2 is deprecated. Please use tf.compat.v2.saved_model.load instead.

2025-03-07 18:59:00,126 - absl - INFO - Fingerprint not found. Saved model loading will continue.
2025-03-07 18:59:00,126 - absl - INFO - path_and_singleprint metric could not be logged. Saved model loading will continue.
2025-03-07 18:59:00,127 - advanced_attacks - INFO - Universal Sentence Encoder model loaded successfully
2025-03-07 18:59:00,127 - advanced_attacks - INFO - Testing Universal Sentence Encoder model...
2025-03-07 18:59:00,502 - advanced_attacks - INFO - Model test successful. Embedding shape: (1, 512)
2025-03-07 18:59:00,503 - advanced_attacks - INFO - Universal Sentence Encoder initialized successfully
2025-03-07 18:59:00,503 - debug_runner - INFO - Initialization successful: True
2025-03-07 18:59:00,524 - debug_runner - INFO - Similarity between texts: 0.8102350234985352
2025-03-07 18:59:00,525 - debug_runner - INFO - ==================================================
2025-03-07 18:59:00,525 - debug_runner - INFO - =========== Testing Toxicity Evaluator ===========
2025-03-07 18:59:00,525 - debug_runner - INFO - ==================================================
2025-03-07 18:59:00,525 - debug_runner - INFO - Creating ToxicityEvaluator instance...
2025-03-07 18:59:00,525 - advanced_attacks - INFO - Starting ToxicityEvaluator initialization...
2025-03-07 18:59:00,528 - advanced_attacks - INFO - Detoxify package is installed (version: 0.5.2)
2025-03-07 18:59:00,528 - advanced_attacks - INFO - Importing detoxify...
2025-03-07 18:59:00,528 - advanced_attacks - INFO - Detoxify imported successfully
2025-03-07 18:59:00,529 - advanced_attacks - INFO - Initializing detoxify model (this may take a moment)...
2025-03-07 18:59:01,122 - advanced_attacks - INFO - Detoxify model initialized successfully
2025-03-07 18:59:01,123 - advanced_attacks - INFO - Testing detoxify model with a simple prediction...
2025-03-07 18:59:01,205 - advanced_attacks - INFO - Model test successful. Results: {'toxicity': 0.0015108042, 'severe_toxicity': 0.00010699912, 'obscene': 0.00022486702, 'threat': 9.9473684e-05, 'insult': 0.00020078542, 'identity_attack': 0.00014871577}
2025-03-07 18:59:01,206 - advanced_attacks - INFO - Toxicity Evaluator initialized successfully
2025-03-07 18:59:01,206 - debug_runner - INFO - Initialization successful: True
2025-03-07 18:59:01,292 - debug_runner - INFO - Toxicity scores: {'toxicity': 0.0006554755, 'severe_toxicity': 0.00011732151, 'obscene': 0.00017926267, 'threat': 0.0001174228, 'insult': 0.00017671565, 'identity_attack': 0.00013810124}
2025-03-07 18:59:01,296 - debug_runner - INFO - ==================================================
2025-03-07 18:59:01,296 - debug_runner - INFO - === Testing Adversarial Attacks Initialization ===
2025-03-07 18:59:01,296 - debug_runner - INFO - ==================================================
2025-03-07 18:59:01,297 - debug_runner - INFO - Initializing TextFoolerAttack...
2025-03-07 18:59:01,595 - datasets - INFO - PyTorch version 2.5.1 available.
2025-03-07 18:59:01,599 - datasets - INFO - TensorFlow version 2.18.0 available.
2025-03-07 18:59:02,861 - app.tests.nlp.adversarial.utils - INFO - Successfully loaded dependency: SentenceTransformer
2025-03-07 18:59:03,298 - sentence_transformers.SentenceTransformer - INFO - Use pytorch device_name: cpu
2025-03-07 18:59:03,298 - sentence_transformers.SentenceTransformer - INFO - Load pretrained SentenceTransformer: all-MiniLM-L6-v2
2025-03-07 18:59:04,893 - debug_runner - INFO - TextFoolerAttack initialized: True
2025-03-07 18:59:04,894 - debug_runner - INFO - Initializing BERTAttack...
2025-03-07 18:59:05,648 - debug_runner - INFO - BERTAttack initialized: True
2025-03-07 18:59:05,649 - debug_runner - INFO - Initializing NeuralParaphraseAttack...
2025-03-07 19:00:32,538 - debug_runner - INFO - NeuralParaphraseAttack initialized: True
2025-03-07 19:00:32,539 - debug_runner - INFO - Initializing RedTeamAttack...
2025-03-07 19:00:32,540 - debug_runner - INFO - RedTeamAttack initialized: False
2025-03-07 19:00:32,592 - debug_runner - INFO - ==================================================
2025-03-07 19:00:32,593 - debug_runner - INFO - ============== Debug Tests Complete ==============
2025-03-07 19:00:32,593 - debug_runner - INFO - ==================================================
